0 verbose cli /usr/local/bin/node /usr/local/bin/npm
1 info using npm@11.3.0
2 info using node@v23.11.0
3 silly config load:file:/usr/local/lib/node_modules/npm/npmrc
4 silly config load:file:/home/container/.npmrc
5 silly config load:file:/usr/local/etc/npmrc
6 verbose title npm install
7 verbose argv "install"
8 verbose logfile logs-max:10 dir:/home/container/.npm/_logs/2025-04-17T09_03_39_499Z-
9 verbose logfile /home/container/.npm/_logs/2025-04-17T09_03_39_499Z-debug-0.log
10 silly logfile done cleaning log files
11 silly packumentCache heap:2197815296 maxSize:549453824 maxEntrySize:274726912
12 silly idealTree buildDeps
13 silly reify moves {}
14 silly audit bulk request {
14 silly audit   '@discordjs/builders': [ '1.10.1' ],
14 silly audit   '@discordjs/collection': [ '1.5.3', '2.1.1' ],
14 silly audit   '@discordjs/formatters': [ '0.6.0' ],
14 silly audit   '@discordjs/rest': [ '2.4.3' ],
14 silly audit   '@discordjs/util': [ '1.1.1' ],
14 silly audit   '@discordjs/ws': [ '1.2.1' ],
14 silly audit   '@isaacs/cliui': [ '8.0.2' ],
14 silly audit   '@sapphire/async-queue': [ '1.5.5' ],
14 silly audit   '@sapphire/shapeshift': [ '4.0.0' ],
14 silly audit   '@sapphire/snowflake': [ '3.5.3' ],
14 silly audit   '@types/node': [ '22.14.1' ],
14 silly audit   '@types/ws': [ '8.18.1' ],
14 silly audit   '@vladfrangu/async_event_emitter': [ '2.4.6' ],
14 silly audit   accepts: [ '2.0.0' ],
14 silly audit   'ansi-regex': [ '6.1.0', '5.0.1' ],
14 silly audit   'ansi-styles': [ '6.2.1', '4.3.0' ],
14 silly audit   'balanced-match': [ '1.0.2' ],
14 silly audit   'body-parser': [ '2.2.0' ],
14 silly audit   'brace-expansion': [ '2.0.1' ],
14 silly audit   bytes: [ '3.1.2' ],
14 silly audit   'call-bind-apply-helpers': [ '1.0.2' ],
14 silly audit   'call-bound': [ '1.0.4' ],
14 silly audit   'color-convert': [ '2.0.1' ],
14 silly audit   'color-name': [ '1.1.4' ],
14 silly audit   'content-disposition': [ '1.0.0' ],
14 silly audit   'content-type': [ '1.0.5' ],
14 silly audit   cookie: [ '0.7.2' ],
14 silly audit   'cookie-signature': [ '1.2.2' ],
14 silly audit   'cron-parser': [ '4.9.0' ],
14 silly audit   'cross-spawn': [ '7.0.6' ],
14 silly audit   debug: [ '4.4.0' ],
14 silly audit   depd: [ '2.0.0' ],
14 silly audit   'discord-api-types': [ '0.37.120' ],
14 silly audit   'discord.js': [ '14.18.0' ],
14 silly audit   'dunder-proto': [ '1.0.1' ],
14 silly audit   eastasianwidth: [ '0.2.0' ],
14 silly audit   'ee-first': [ '1.1.1' ],
14 silly audit   'emoji-regex': [ '9.2.2', '8.0.0' ],
14 silly audit   encodeurl: [ '2.0.0' ],
14 silly audit   'es-define-property': [ '1.0.1' ],
14 silly audit   'es-errors': [ '1.3.0' ],
14 silly audit   'es-object-atoms': [ '1.1.1' ],
14 silly audit   'escape-html': [ '1.0.3' ],
14 silly audit   etag: [ '1.8.1' ],
14 silly audit   express: [ '5.1.0' ],
14 silly audit   'fast-deep-equal': [ '3.1.3' ],
14 silly audit   finalhandler: [ '2.1.0' ],
14 silly audit   'foreground-child': [ '3.3.1' ],
14 silly audit   forwarded: [ '0.2.0' ],
14 silly audit   fresh: [ '2.0.0' ],
14 silly audit   'function-bind': [ '1.1.2' ],
14 silly audit   'get-intrinsic': [ '1.3.0' ],
14 silly audit   'get-proto': [ '1.0.1' ],
14 silly audit   glob: [ '11.0.1' ],
14 silly audit   gopd: [ '1.2.0' ],
14 silly audit   'has-symbols': [ '1.1.0' ],
14 silly audit   hasown: [ '2.0.2' ],
14 silly audit   'http-errors': [ '2.0.0' ],
14 silly audit   'iconv-lite': [ '0.6.3' ],
14 silly audit   inherits: [ '2.0.4' ],
14 silly audit   'ipaddr.js': [ '1.9.1' ],
14 silly audit   'is-fullwidth-code-point': [ '3.0.0' ],
14 silly audit   'is-promise': [ '4.0.0' ],
14 silly audit   isexe: [ '2.0.0' ],
14 silly audit   jackspeak: [ '4.1.0' ],
14 silly audit   lodash: [ '4.17.21' ],
14 silly audit   'lodash.snakecase': [ '4.1.1' ],
14 silly audit   'long-timeout': [ '0.1.1' ],
14 silly audit   'lru-cache': [ '11.1.0' ],
14 silly audit   luxon: [ '3.6.1' ],
14 silly audit   'magic-bytes.js': [ '1.11.0' ],
14 silly audit   'math-intrinsics': [ '1.1.0' ],
14 silly audit   'media-typer': [ '1.1.0' ],
14 silly audit   'merge-descriptors': [ '2.0.0' ],
14 silly audit   'mime-db': [ '1.54.0' ],
14 silly audit   'mime-types': [ '3.0.1' ],
14 silly audit   minimatch: [ '10.0.1' ],
14 silly audit   minipass: [ '7.1.2' ],
14 silly audit   ms: [ '2.1.3' ],
14 silly audit   negotiator: [ '1.0.0' ],
14 silly audit   'node-schedule': [ '2.1.1' ],
14 silly audit   'object-inspect': [ '1.13.4' ],
14 silly audit   'on-finished': [ '2.4.1' ],
14 silly audit   once: [ '1.4.0' ],
14 silly audit   'package-json-from-dist': [ '1.0.1' ],
14 silly audit   parseurl: [ '1.3.3' ],
14 silly audit   'path-key': [ '3.1.1' ],
14 silly audit   'path-scurry': [ '2.0.0' ],
14 silly audit   'path-to-regexp': [ '8.2.0' ],
14 silly audit   'proxy-addr': [ '2.0.7' ],
14 silly audit   qs: [ '6.14.0' ],
14 silly audit   'range-parser': [ '1.2.1' ],
14 silly audit   'raw-body': [ '3.0.0' ],
14 silly audit   rimraf: [ '6.0.1' ],
14 silly audit   router: [ '2.2.0' ],
14 silly audit   'safe-buffer': [ '5.2.1' ],
14 silly audit   'safer-buffer': [ '2.1.2' ],
14 silly audit   send: [ '1.2.0' ],
14 silly audit   'serve-static': [ '2.2.0' ],
14 silly audit   setprototypeof: [ '1.2.0' ],
14 silly audit   'shebang-command': [ '2.0.0' ],
14 silly audit   'shebang-regex': [ '3.0.0' ],
14 silly audit   'side-channel': [ '1.1.0' ],
14 silly audit   'side-channel-list': [ '1.0.0' ],
14 silly audit   'side-channel-map': [ '1.0.1' ],
14 silly audit   'side-channel-weakmap': [ '1.0.2' ],
14 silly audit   'signal-exit': [ '4.1.0' ],
14 silly audit   'sorted-array-functions': [ '1.3.0' ],
14 silly audit   statuses: [ '2.0.1' ],
14 silly audit   'string-width': [ '5.1.2', '4.2.3' ],
14 silly audit   'strip-ansi': [ '6.0.1', '7.1.0' ],
14 silly audit   toidentifier: [ '1.0.1' ],
14 silly audit   'ts-mixer': [ '6.0.4' ],
14 silly audit   tslib: [ '2.8.1' ],
14 silly audit   'type-is': [ '2.0.1' ],
14 silly audit   undici: [ '6.21.1' ],
14 silly audit   'undici-types': [ '6.21.0' ],
14 silly audit   unpipe: [ '1.0.0' ],
14 silly audit   vary: [ '1.1.2' ],
14 silly audit   which: [ '2.0.2' ],
14 silly audit   'wrap-ansi': [ '8.1.0', '7.0.0' ],
14 silly audit   wrappy: [ '1.0.2' ],
14 silly audit   ws: [ '8.18.1' ]
14 silly audit }
15 http cache ws@https://registry.npmjs.org/ws/-/ws-8.18.1.tgz 1ms (cache hit)
16 http cache wrappy@https://registry.npmjs.org/wrappy/-/wrappy-1.0.2.tgz 0ms (cache hit)
17 http cache wrap-ansi@https://registry.npmjs.org/wrap-ansi/-/wrap-ansi-8.1.0.tgz 0ms (cache hit)
18 http cache wrap-ansi-cjs@https://registry.npmjs.org/wrap-ansi/-/wrap-ansi-7.0.0.tgz 0ms (cache hit)
19 http cache which@https://registry.npmjs.org/which/-/which-2.0.2.tgz 0ms (cache hit)
20 http cache vary@https://registry.npmjs.org/vary/-/vary-1.1.2.tgz 0ms (cache hit)
21 http cache undici@https://registry.npmjs.org/undici/-/undici-6.21.1.tgz 0ms (cache hit)
22 http cache undici-types@https://registry.npmjs.org/undici-types/-/undici-types-6.21.0.tgz 0ms (cache hit)
23 http cache unpipe@https://registry.npmjs.org/unpipe/-/unpipe-1.0.0.tgz 0ms (cache hit)
24 http cache type-is@https://registry.npmjs.org/type-is/-/type-is-2.0.1.tgz 0ms (cache hit)
25 http cache tslib@https://registry.npmjs.org/tslib/-/tslib-2.8.1.tgz 0ms (cache hit)
26 http cache ts-mixer@https://registry.npmjs.org/ts-mixer/-/ts-mixer-6.0.4.tgz 0ms (cache hit)
27 http cache toidentifier@https://registry.npmjs.org/toidentifier/-/toidentifier-1.0.1.tgz 0ms (cache hit)
28 http cache strip-ansi@https://registry.npmjs.org/strip-ansi/-/strip-ansi-7.1.0.tgz 0ms (cache hit)
29 http cache string-width-cjs@https://registry.npmjs.org/string-width/-/string-width-4.2.3.tgz 0ms (cache hit)
30 http cache strip-ansi-cjs@https://registry.npmjs.org/strip-ansi/-/strip-ansi-6.0.1.tgz 0ms (cache hit)
31 http cache string-width@https://registry.npmjs.org/string-width/-/string-width-5.1.2.tgz 0ms (cache hit)
32 http cache sorted-array-functions@https://registry.npmjs.org/sorted-array-functions/-/sorted-array-functions-1.3.0.tgz 0ms (cache hit)
33 http cache statuses@https://registry.npmjs.org/statuses/-/statuses-2.0.1.tgz 0ms (cache hit)
34 http cache signal-exit@https://registry.npmjs.org/signal-exit/-/signal-exit-4.1.0.tgz 0ms (cache hit)
35 http cache side-channel-weakmap@https://registry.npmjs.org/side-channel-weakmap/-/side-channel-weakmap-1.0.2.tgz 0ms (cache hit)
36 http cache side-channel-map@https://registry.npmjs.org/side-channel-map/-/side-channel-map-1.0.1.tgz 0ms (cache hit)
37 http cache side-channel-list@https://registry.npmjs.org/side-channel-list/-/side-channel-list-1.0.0.tgz 0ms (cache hit)
38 http cache side-channel@https://registry.npmjs.org/side-channel/-/side-channel-1.1.0.tgz 0ms (cache hit)
39 http cache shebang-command@https://registry.npmjs.org/shebang-command/-/shebang-command-2.0.0.tgz 0ms (cache hit)
40 http cache shebang-regex@https://registry.npmjs.org/shebang-regex/-/shebang-regex-3.0.0.tgz 0ms (cache hit)
41 http cache setprototypeof@https://registry.npmjs.org/setprototypeof/-/setprototypeof-1.2.0.tgz 0ms (cache hit)
42 http cache serve-static@https://registry.npmjs.org/serve-static/-/serve-static-2.2.0.tgz 0ms (cache hit)
43 http cache safer-buffer@https://registry.npmjs.org/safer-buffer/-/safer-buffer-2.1.2.tgz 0ms (cache hit)
44 http cache send@https://registry.npmjs.org/send/-/send-1.2.0.tgz 0ms (cache hit)
45 http cache safe-buffer@https://registry.npmjs.org/safe-buffer/-/safe-buffer-5.2.1.tgz 0ms (cache hit)
46 http cache router@https://registry.npmjs.org/router/-/router-2.2.0.tgz 0ms (cache hit)
47 http cache raw-body@https://registry.npmjs.org/raw-body/-/raw-body-3.0.0.tgz 0ms (cache hit)
48 http cache rimraf@https://registry.npmjs.org/rimraf/-/rimraf-6.0.1.tgz 0ms (cache hit)
49 http cache range-parser@https://registry.npmjs.org/range-parser/-/range-parser-1.2.1.tgz 0ms (cache hit)
50 http cache qs@https://registry.npmjs.org/qs/-/qs-6.14.0.tgz 0ms (cache hit)
51 http cache path-to-regexp@https://registry.npmjs.org/path-to-regexp/-/path-to-regexp-8.2.0.tgz 0ms (cache hit)
52 http cache proxy-addr@https://registry.npmjs.org/proxy-addr/-/proxy-addr-2.0.7.tgz 0ms (cache hit)
53 http cache path-scurry@https://registry.npmjs.org/path-scurry/-/path-scurry-2.0.0.tgz 0ms (cache hit)
54 http cache path-key@https://registry.npmjs.org/path-key/-/path-key-3.1.1.tgz 0ms (cache hit)
55 http cache parseurl@https://registry.npmjs.org/parseurl/-/parseurl-1.3.3.tgz 0ms (cache hit)
56 http cache package-json-from-dist@https://registry.npmjs.org/package-json-from-dist/-/package-json-from-dist-1.0.1.tgz 0ms (cache hit)
57 http cache once@https://registry.npmjs.org/once/-/once-1.4.0.tgz 0ms (cache hit)
58 http cache object-inspect@https://registry.npmjs.org/object-inspect/-/object-inspect-1.13.4.tgz 0ms (cache hit)
59 http cache on-finished@https://registry.npmjs.org/on-finished/-/on-finished-2.4.1.tgz 0ms (cache hit)
60 http cache node-schedule@https://registry.npmjs.org/node-schedule/-/node-schedule-2.1.1.tgz 0ms (cache hit)
61 http cache negotiator@https://registry.npmjs.org/negotiator/-/negotiator-1.0.0.tgz 0ms (cache hit)
62 http cache minipass@https://registry.npmjs.org/minipass/-/minipass-7.1.2.tgz 0ms (cache hit)
63 http cache ms@https://registry.npmjs.org/ms/-/ms-2.1.3.tgz 0ms (cache hit)
64 http cache minimatch@https://registry.npmjs.org/minimatch/-/minimatch-10.0.1.tgz 0ms (cache hit)
65 http cache mime-types@https://registry.npmjs.org/mime-types/-/mime-types-3.0.1.tgz 0ms (cache hit)
66 http cache merge-descriptors@https://registry.npmjs.org/merge-descriptors/-/merge-descriptors-2.0.0.tgz 0ms (cache hit)
67 http cache mime-db@https://registry.npmjs.org/mime-db/-/mime-db-1.54.0.tgz 0ms (cache hit)
68 http cache media-typer@https://registry.npmjs.org/media-typer/-/media-typer-1.1.0.tgz 0ms (cache hit)
69 http cache math-intrinsics@https://registry.npmjs.org/math-intrinsics/-/math-intrinsics-1.1.0.tgz 0ms (cache hit)
70 http cache luxon@https://registry.npmjs.org/luxon/-/luxon-3.6.1.tgz 0ms (cache hit)
71 http cache magic-bytes.js@https://registry.npmjs.org/magic-bytes.js/-/magic-bytes.js-1.11.0.tgz 0ms (cache hit)
72 http cache lru-cache@https://registry.npmjs.org/lru-cache/-/lru-cache-11.1.0.tgz 0ms (cache hit)
73 http cache long-timeout@https://registry.npmjs.org/long-timeout/-/long-timeout-0.1.1.tgz 0ms (cache hit)
74 http cache lodash.snakecase@https://registry.npmjs.org/lodash.snakecase/-/lodash.snakecase-4.1.1.tgz 0ms (cache hit)
75 http cache lodash@https://registry.npmjs.org/lodash/-/lodash-4.17.21.tgz 0ms (cache hit)
76 http cache jackspeak@https://registry.npmjs.org/jackspeak/-/jackspeak-4.1.0.tgz 0ms (cache hit)
77 http cache isexe@https://registry.npmjs.org/isexe/-/isexe-2.0.0.tgz 0ms (cache hit)
78 http cache is-promise@https://registry.npmjs.org/is-promise/-/is-promise-4.0.0.tgz 0ms (cache hit)
79 http cache is-fullwidth-code-point@https://registry.npmjs.org/is-fullwidth-code-point/-/is-fullwidth-code-point-3.0.0.tgz 0ms (cache hit)
80 http cache inherits@https://registry.npmjs.org/inherits/-/inherits-2.0.4.tgz 0ms (cache hit)
81 http cache ipaddr.js@https://registry.npmjs.org/ipaddr.js/-/ipaddr.js-1.9.1.tgz 0ms (cache hit)
82 http cache iconv-lite@https://registry.npmjs.org/iconv-lite/-/iconv-lite-0.6.3.tgz 0ms (cache hit)
83 http cache http-errors@https://registry.npmjs.org/http-errors/-/http-errors-2.0.0.tgz 0ms (cache hit)
84 http cache has-symbols@https://registry.npmjs.org/has-symbols/-/has-symbols-1.1.0.tgz 0ms (cache hit)
85 http cache hasown@https://registry.npmjs.org/hasown/-/hasown-2.0.2.tgz 0ms (cache hit)
86 http cache glob@https://registry.npmjs.org/glob/-/glob-11.0.1.tgz 0ms (cache hit)
87 http cache gopd@https://registry.npmjs.org/gopd/-/gopd-1.2.0.tgz 0ms (cache hit)
88 http cache get-proto@https://registry.npmjs.org/get-proto/-/get-proto-1.0.1.tgz 0ms (cache hit)
89 http cache get-intrinsic@https://registry.npmjs.org/get-intrinsic/-/get-intrinsic-1.3.0.tgz 0ms (cache hit)
90 http cache function-bind@https://registry.npmjs.org/function-bind/-/function-bind-1.1.2.tgz 0ms (cache hit)
91 http cache forwarded@https://registry.npmjs.org/forwarded/-/forwarded-0.2.0.tgz 0ms (cache hit)
92 http cache fresh@https://registry.npmjs.org/fresh/-/fresh-2.0.0.tgz 0ms (cache hit)
93 http cache foreground-child@https://registry.npmjs.org/foreground-child/-/foreground-child-3.3.1.tgz 0ms (cache hit)
94 http cache finalhandler@https://registry.npmjs.org/finalhandler/-/finalhandler-2.1.0.tgz 0ms (cache hit)
95 http cache express@https://registry.npmjs.org/express/-/express-5.1.0.tgz 0ms (cache hit)
96 http cache fast-deep-equal@https://registry.npmjs.org/fast-deep-equal/-/fast-deep-equal-3.1.3.tgz 0ms (cache hit)
97 http cache etag@https://registry.npmjs.org/etag/-/etag-1.8.1.tgz 0ms (cache hit)
98 http cache escape-html@https://registry.npmjs.org/escape-html/-/escape-html-1.0.3.tgz 0ms (cache hit)
99 http cache es-object-atoms@https://registry.npmjs.org/es-object-atoms/-/es-object-atoms-1.1.1.tgz 0ms (cache hit)
100 http cache es-errors@https://registry.npmjs.org/es-errors/-/es-errors-1.3.0.tgz 0ms (cache hit)
101 http cache es-define-property@https://registry.npmjs.org/es-define-property/-/es-define-property-1.0.1.tgz 0ms (cache hit)
102 http cache ee-first@https://registry.npmjs.org/ee-first/-/ee-first-1.1.1.tgz 0ms (cache hit)
103 http cache emoji-regex@https://registry.npmjs.org/emoji-regex/-/emoji-regex-9.2.2.tgz 0ms (cache hit)
104 http cache encodeurl@https://registry.npmjs.org/encodeurl/-/encodeurl-2.0.0.tgz 0ms (cache hit)
105 http cache eastasianwidth@https://registry.npmjs.org/eastasianwidth/-/eastasianwidth-0.2.0.tgz 0ms (cache hit)
106 http cache dunder-proto@https://registry.npmjs.org/dunder-proto/-/dunder-proto-1.0.1.tgz 0ms (cache hit)
107 http cache discord.js@https://registry.npmjs.org/discord.js/-/discord.js-14.18.0.tgz 0ms (cache hit)
108 http cache discord-api-types@https://registry.npmjs.org/discord-api-types/-/discord-api-types-0.37.120.tgz 0ms (cache hit)
109 http cache depd@https://registry.npmjs.org/depd/-/depd-2.0.0.tgz 0ms (cache hit)
110 http cache debug@https://registry.npmjs.org/debug/-/debug-4.4.0.tgz 0ms (cache hit)
111 http cache cron-parser@https://registry.npmjs.org/cron-parser/-/cron-parser-4.9.0.tgz 0ms (cache hit)
112 http cache cross-spawn@https://registry.npmjs.org/cross-spawn/-/cross-spawn-7.0.6.tgz 0ms (cache hit)
113 http cache cookie-signature@https://registry.npmjs.org/cookie-signature/-/cookie-signature-1.2.2.tgz 0ms (cache hit)
114 http cache content-type@https://registry.npmjs.org/content-type/-/content-type-1.0.5.tgz 0ms (cache hit)
115 http cache cookie@https://registry.npmjs.org/cookie/-/cookie-0.7.2.tgz 0ms (cache hit)
116 http cache content-disposition@https://registry.npmjs.org/content-disposition/-/content-disposition-1.0.0.tgz 0ms (cache hit)
117 http cache color-name@https://registry.npmjs.org/color-name/-/color-name-1.1.4.tgz 0ms (cache hit)
118 http cache color-convert@https://registry.npmjs.org/color-convert/-/color-convert-2.0.1.tgz 0ms (cache hit)
119 http cache call-bound@https://registry.npmjs.org/call-bound/-/call-bound-1.0.4.tgz 0ms (cache hit)
120 http cache call-bind-apply-helpers@https://registry.npmjs.org/call-bind-apply-helpers/-/call-bind-apply-helpers-1.0.2.tgz 0ms (cache hit)
121 http cache brace-expansion@https://registry.npmjs.org/brace-expansion/-/brace-expansion-2.0.1.tgz 0ms (cache hit)
122 http cache bytes@https://registry.npmjs.org/bytes/-/bytes-3.1.2.tgz 0ms (cache hit)
123 http cache body-parser@https://registry.npmjs.org/body-parser/-/body-parser-2.2.0.tgz 0ms (cache hit)
124 http cache balanced-match@https://registry.npmjs.org/balanced-match/-/balanced-match-1.0.2.tgz 0ms (cache hit)
125 http cache ansi-regex@https://registry.npmjs.org/ansi-regex/-/ansi-regex-6.1.0.tgz 0ms (cache hit)
126 http cache ansi-styles@https://registry.npmjs.org/ansi-styles/-/ansi-styles-6.2.1.tgz 0ms (cache hit)
127 http cache accepts@https://registry.npmjs.org/accepts/-/accepts-2.0.0.tgz 0ms (cache hit)
128 http cache @vladfrangu/async_event_emitter@https://registry.npmjs.org/@vladfrangu/async_event_emitter/-/async_event_emitter-2.4.6.tgz 0ms (cache hit)
129 http cache @types/node@https://registry.npmjs.org/@types/node/-/node-22.14.1.tgz 0ms (cache hit)
130 http cache @types/ws@https://registry.npmjs.org/@types/ws/-/ws-8.18.1.tgz 0ms (cache hit)
131 http cache @sapphire/snowflake@https://registry.npmjs.org/@sapphire/snowflake/-/snowflake-3.5.3.tgz 0ms (cache hit)
132 http cache @sapphire/shapeshift@https://registry.npmjs.org/@sapphire/shapeshift/-/shapeshift-4.0.0.tgz 0ms (cache hit)
133 http cache @isaacs/cliui@https://registry.npmjs.org/@isaacs/cliui/-/cliui-8.0.2.tgz 0ms (cache hit)
134 http cache @sapphire/async-queue@https://registry.npmjs.org/@sapphire/async-queue/-/async-queue-1.5.5.tgz 0ms (cache hit)
135 http cache @discordjs/ws@https://registry.npmjs.org/@discordjs/ws/-/ws-1.2.1.tgz 1ms (cache hit)
136 http cache @discordjs/util@https://registry.npmjs.org/@discordjs/util/-/util-1.1.1.tgz 0ms (cache hit)
137 http cache @discordjs/formatters@https://registry.npmjs.org/@discordjs/formatters/-/formatters-0.6.0.tgz 0ms (cache hit)
138 http cache @discordjs/rest@https://registry.npmjs.org/@discordjs/rest/-/rest-2.4.3.tgz 0ms (cache hit)
139 http cache @discordjs/collection@https://registry.npmjs.org/@discordjs/collection/-/collection-1.5.3.tgz 0ms (cache hit)
140 http cache @discordjs/builders@https://registry.npmjs.org/@discordjs/builders/-/builders-1.10.1.tgz 0ms (cache hit)
141 http cache strip-ansi@https://registry.npmjs.org/strip-ansi/-/strip-ansi-6.0.1.tgz 0ms (cache hit)
142 http cache string-width@https://registry.npmjs.org/string-width/-/string-width-4.2.3.tgz 0ms (cache hit)
143 http cache ansi-styles@https://registry.npmjs.org/ansi-styles/-/ansi-styles-4.3.0.tgz 0ms (cache hit)
144 http cache ansi-regex@https://registry.npmjs.org/ansi-regex/-/ansi-regex-5.0.1.tgz 0ms (cache hit)
145 http cache ansi-regex@https://registry.npmjs.org/ansi-regex/-/ansi-regex-5.0.1.tgz 0ms (cache hit)
146 http cache emoji-regex@https://registry.npmjs.org/emoji-regex/-/emoji-regex-8.0.0.tgz 0ms (cache hit)
147 http cache strip-ansi@https://registry.npmjs.org/strip-ansi/-/strip-ansi-6.0.1.tgz 0ms (cache hit)
148 http cache emoji-regex@https://registry.npmjs.org/emoji-regex/-/emoji-regex-8.0.0.tgz 0ms (cache hit)
149 http cache @discordjs/collection@https://registry.npmjs.org/@discordjs/collection/-/collection-2.1.1.tgz 0ms (cache hit)
150 http cache ansi-regex@https://registry.npmjs.org/ansi-regex/-/ansi-regex-5.0.1.tgz 0ms (cache hit)
151 http cache @discordjs/collection@https://registry.npmjs.org/@discordjs/collection/-/collection-2.1.1.tgz 0ms (cache hit)
152 silly tarball no local data for ws@https://registry.npmjs.org/ws/-/ws-8.18.1.tgz. Extracting by manifest.
153 silly tarball no local data for wrappy@https://registry.npmjs.org/wrappy/-/wrappy-1.0.2.tgz. Extracting by manifest.
154 silly tarball no local data for wrap-ansi@https://registry.npmjs.org/wrap-ansi/-/wrap-ansi-8.1.0.tgz. Extracting by manifest.
155 silly tarball no local data for wrap-ansi-cjs@https://registry.npmjs.org/wrap-ansi/-/wrap-ansi-7.0.0.tgz. Extracting by manifest.
156 silly tarball no local data for which@https://registry.npmjs.org/which/-/which-2.0.2.tgz. Extracting by manifest.
157 silly tarball no local data for vary@https://registry.npmjs.org/vary/-/vary-1.1.2.tgz. Extracting by manifest.
158 silly tarball no local data for undici@https://registry.npmjs.org/undici/-/undici-6.21.1.tgz. Extracting by manifest.
159 silly tarball no local data for undici-types@https://registry.npmjs.org/undici-types/-/undici-types-6.21.0.tgz. Extracting by manifest.
160 silly tarball no local data for unpipe@https://registry.npmjs.org/unpipe/-/unpipe-1.0.0.tgz. Extracting by manifest.
161 silly tarball no local data for type-is@https://registry.npmjs.org/type-is/-/type-is-2.0.1.tgz. Extracting by manifest.
162 silly tarball no local data for tslib@https://registry.npmjs.org/tslib/-/tslib-2.8.1.tgz. Extracting by manifest.
163 silly tarball no local data for ts-mixer@https://registry.npmjs.org/ts-mixer/-/ts-mixer-6.0.4.tgz. Extracting by manifest.
164 silly tarball no local data for toidentifier@https://registry.npmjs.org/toidentifier/-/toidentifier-1.0.1.tgz. Extracting by manifest.
165 silly tarball no local data for strip-ansi@https://registry.npmjs.org/strip-ansi/-/strip-ansi-7.1.0.tgz. Extracting by manifest.
166 silly tarball no local data for string-width-cjs@https://registry.npmjs.org/string-width/-/string-width-4.2.3.tgz. Extracting by manifest.
167 silly tarball no local data for strip-ansi-cjs@https://registry.npmjs.org/strip-ansi/-/strip-ansi-6.0.1.tgz. Extracting by manifest.
168 silly tarball no local data for string-width@https://registry.npmjs.org/string-width/-/string-width-5.1.2.tgz. Extracting by manifest.
169 silly tarball no local data for sorted-array-functions@https://registry.npmjs.org/sorted-array-functions/-/sorted-array-functions-1.3.0.tgz. Extracting by manifest.
170 silly tarball no local data for statuses@https://registry.npmjs.org/statuses/-/statuses-2.0.1.tgz. Extracting by manifest.
171 silly tarball no local data for signal-exit@https://registry.npmjs.org/signal-exit/-/signal-exit-4.1.0.tgz. Extracting by manifest.
172 silly tarball no local data for side-channel-weakmap@https://registry.npmjs.org/side-channel-weakmap/-/side-channel-weakmap-1.0.2.tgz. Extracting by manifest.
173 silly tarball no local data for side-channel-map@https://registry.npmjs.org/side-channel-map/-/side-channel-map-1.0.1.tgz. Extracting by manifest.
174 silly tarball no local data for side-channel-list@https://registry.npmjs.org/side-channel-list/-/side-channel-list-1.0.0.tgz. Extracting by manifest.
175 silly tarball no local data for side-channel@https://registry.npmjs.org/side-channel/-/side-channel-1.1.0.tgz. Extracting by manifest.
176 silly tarball no local data for shebang-command@https://registry.npmjs.org/shebang-command/-/shebang-command-2.0.0.tgz. Extracting by manifest.
177 silly tarball no local data for shebang-regex@https://registry.npmjs.org/shebang-regex/-/shebang-regex-3.0.0.tgz. Extracting by manifest.
178 silly tarball no local data for setprototypeof@https://registry.npmjs.org/setprototypeof/-/setprototypeof-1.2.0.tgz. Extracting by manifest.
179 silly tarball no local data for serve-static@https://registry.npmjs.org/serve-static/-/serve-static-2.2.0.tgz. Extracting by manifest.
180 silly tarball no local data for safer-buffer@https://registry.npmjs.org/safer-buffer/-/safer-buffer-2.1.2.tgz. Extracting by manifest.
181 silly tarball no local data for send@https://registry.npmjs.org/send/-/send-1.2.0.tgz. Extracting by manifest.
182 silly tarball no local data for safe-buffer@https://registry.npmjs.org/safe-buffer/-/safe-buffer-5.2.1.tgz. Extracting by manifest.
183 silly tarball no local data for router@https://registry.npmjs.org/router/-/router-2.2.0.tgz. Extracting by manifest.
184 silly tarball no local data for raw-body@https://registry.npmjs.org/raw-body/-/raw-body-3.0.0.tgz. Extracting by manifest.
185 silly tarball no local data for rimraf@https://registry.npmjs.org/rimraf/-/rimraf-6.0.1.tgz. Extracting by manifest.
186 silly tarball no local data for range-parser@https://registry.npmjs.org/range-parser/-/range-parser-1.2.1.tgz. Extracting by manifest.
187 silly tarball no local data for qs@https://registry.npmjs.org/qs/-/qs-6.14.0.tgz. Extracting by manifest.
188 silly tarball no local data for path-to-regexp@https://registry.npmjs.org/path-to-regexp/-/path-to-regexp-8.2.0.tgz. Extracting by manifest.
189 silly tarball no local data for proxy-addr@https://registry.npmjs.org/proxy-addr/-/proxy-addr-2.0.7.tgz. Extracting by manifest.
190 silly tarball no local data for path-scurry@https://registry.npmjs.org/path-scurry/-/path-scurry-2.0.0.tgz. Extracting by manifest.
191 silly tarball no local data for path-key@https://registry.npmjs.org/path-key/-/path-key-3.1.1.tgz. Extracting by manifest.
192 silly tarball no local data for parseurl@https://registry.npmjs.org/parseurl/-/parseurl-1.3.3.tgz. Extracting by manifest.
193 silly tarball no local data for package-json-from-dist@https://registry.npmjs.org/package-json-from-dist/-/package-json-from-dist-1.0.1.tgz. Extracting by manifest.
194 silly tarball no local data for once@https://registry.npmjs.org/once/-/once-1.4.0.tgz. Extracting by manifest.
195 silly tarball no local data for object-inspect@https://registry.npmjs.org/object-inspect/-/object-inspect-1.13.4.tgz. Extracting by manifest.
196 silly tarball no local data for on-finished@https://registry.npmjs.org/on-finished/-/on-finished-2.4.1.tgz. Extracting by manifest.
197 silly tarball no local data for node-schedule@https://registry.npmjs.org/node-schedule/-/node-schedule-2.1.1.tgz. Extracting by manifest.
198 silly tarball no local data for negotiator@https://registry.npmjs.org/negotiator/-/negotiator-1.0.0.tgz. Extracting by manifest.
199 silly tarball no local data for minipass@https://registry.npmjs.org/minipass/-/minipass-7.1.2.tgz. Extracting by manifest.
200 silly tarball no local data for ms@https://registry.npmjs.org/ms/-/ms-2.1.3.tgz. Extracting by manifest.
201 silly tarball no local data for minimatch@https://registry.npmjs.org/minimatch/-/minimatch-10.0.1.tgz. Extracting by manifest.
202 silly tarball no local data for mime-types@https://registry.npmjs.org/mime-types/-/mime-types-3.0.1.tgz. Extracting by manifest.
203 silly tarball no local data for merge-descriptors@https://registry.npmjs.org/merge-descriptors/-/merge-descriptors-2.0.0.tgz. Extracting by manifest.
204 silly tarball no local data for mime-db@https://registry.npmjs.org/mime-db/-/mime-db-1.54.0.tgz. Extracting by manifest.
205 silly tarball no local data for media-typer@https://registry.npmjs.org/media-typer/-/media-typer-1.1.0.tgz. Extracting by manifest.
206 silly tarball no local data for math-intrinsics@https://registry.npmjs.org/math-intrinsics/-/math-intrinsics-1.1.0.tgz. Extracting by manifest.
207 silly tarball no local data for luxon@https://registry.npmjs.org/luxon/-/luxon-3.6.1.tgz. Extracting by manifest.
208 silly tarball no local data for magic-bytes.js@https://registry.npmjs.org/magic-bytes.js/-/magic-bytes.js-1.11.0.tgz. Extracting by manifest.
209 silly tarball no local data for lru-cache@https://registry.npmjs.org/lru-cache/-/lru-cache-11.1.0.tgz. Extracting by manifest.
210 silly tarball no local data for long-timeout@https://registry.npmjs.org/long-timeout/-/long-timeout-0.1.1.tgz. Extracting by manifest.
211 silly tarball no local data for lodash.snakecase@https://registry.npmjs.org/lodash.snakecase/-/lodash.snakecase-4.1.1.tgz. Extracting by manifest.
212 silly tarball no local data for lodash@https://registry.npmjs.org/lodash/-/lodash-4.17.21.tgz. Extracting by manifest.
213 silly tarball no local data for jackspeak@https://registry.npmjs.org/jackspeak/-/jackspeak-4.1.0.tgz. Extracting by manifest.
214 silly tarball no local data for isexe@https://registry.npmjs.org/isexe/-/isexe-2.0.0.tgz. Extracting by manifest.
215 silly tarball no local data for is-promise@https://registry.npmjs.org/is-promise/-/is-promise-4.0.0.tgz. Extracting by manifest.
216 silly tarball no local data for is-fullwidth-code-point@https://registry.npmjs.org/is-fullwidth-code-point/-/is-fullwidth-code-point-3.0.0.tgz. Extracting by manifest.
217 silly tarball no local data for inherits@https://registry.npmjs.org/inherits/-/inherits-2.0.4.tgz. Extracting by manifest.
218 silly tarball no local data for ipaddr.js@https://registry.npmjs.org/ipaddr.js/-/ipaddr.js-1.9.1.tgz. Extracting by manifest.
219 silly tarball no local data for iconv-lite@https://registry.npmjs.org/iconv-lite/-/iconv-lite-0.6.3.tgz. Extracting by manifest.
220 silly tarball no local data for http-errors@https://registry.npmjs.org/http-errors/-/http-errors-2.0.0.tgz. Extracting by manifest.
221 silly tarball no local data for has-symbols@https://registry.npmjs.org/has-symbols/-/has-symbols-1.1.0.tgz. Extracting by manifest.
222 silly tarball no local data for hasown@https://registry.npmjs.org/hasown/-/hasown-2.0.2.tgz. Extracting by manifest.
223 silly tarball no local data for glob@https://registry.npmjs.org/glob/-/glob-11.0.1.tgz. Extracting by manifest.
224 silly tarball no local data for gopd@https://registry.npmjs.org/gopd/-/gopd-1.2.0.tgz. Extracting by manifest.
225 silly tarball no local data for get-proto@https://registry.npmjs.org/get-proto/-/get-proto-1.0.1.tgz. Extracting by manifest.
226 silly tarball no local data for get-intrinsic@https://registry.npmjs.org/get-intrinsic/-/get-intrinsic-1.3.0.tgz. Extracting by manifest.
227 silly tarball no local data for function-bind@https://registry.npmjs.org/function-bind/-/function-bind-1.1.2.tgz. Extracting by manifest.
228 silly tarball no local data for forwarded@https://registry.npmjs.org/forwarded/-/forwarded-0.2.0.tgz. Extracting by manifest.
229 silly tarball no local data for fresh@https://registry.npmjs.org/fresh/-/fresh-2.0.0.tgz. Extracting by manifest.
230 silly tarball no local data for foreground-child@https://registry.npmjs.org/foreground-child/-/foreground-child-3.3.1.tgz. Extracting by manifest.
231 silly tarball no local data for finalhandler@https://registry.npmjs.org/finalhandler/-/finalhandler-2.1.0.tgz. Extracting by manifest.
232 silly tarball no local data for express@https://registry.npmjs.org/express/-/express-5.1.0.tgz. Extracting by manifest.
233 silly tarball no local data for fast-deep-equal@https://registry.npmjs.org/fast-deep-equal/-/fast-deep-equal-3.1.3.tgz. Extracting by manifest.
234 silly tarball no local data for etag@https://registry.npmjs.org/etag/-/etag-1.8.1.tgz. Extracting by manifest.
235 silly tarball no local data for escape-html@https://registry.npmjs.org/escape-html/-/escape-html-1.0.3.tgz. Extracting by manifest.
236 silly tarball no local data for es-object-atoms@https://registry.npmjs.org/es-object-atoms/-/es-object-atoms-1.1.1.tgz. Extracting by manifest.
237 silly tarball no local data for es-errors@https://registry.npmjs.org/es-errors/-/es-errors-1.3.0.tgz. Extracting by manifest.
238 silly tarball no local data for es-define-property@https://registry.npmjs.org/es-define-property/-/es-define-property-1.0.1.tgz. Extracting by manifest.
239 silly tarball no local data for ee-first@https://registry.npmjs.org/ee-first/-/ee-first-1.1.1.tgz. Extracting by manifest.
240 silly tarball no local data for emoji-regex@https://registry.npmjs.org/emoji-regex/-/emoji-regex-9.2.2.tgz. Extracting by manifest.
241 silly tarball no local data for encodeurl@https://registry.npmjs.org/encodeurl/-/encodeurl-2.0.0.tgz. Extracting by manifest.
242 silly tarball no local data for eastasianwidth@https://registry.npmjs.org/eastasianwidth/-/eastasianwidth-0.2.0.tgz. Extracting by manifest.
243 silly tarball no local data for dunder-proto@https://registry.npmjs.org/dunder-proto/-/dunder-proto-1.0.1.tgz. Extracting by manifest.
244 silly tarball no local data for discord.js@https://registry.npmjs.org/discord.js/-/discord.js-14.18.0.tgz. Extracting by manifest.
245 silly tarball no local data for discord-api-types@https://registry.npmjs.org/discord-api-types/-/discord-api-types-0.37.120.tgz. Extracting by manifest.
246 silly tarball no local data for depd@https://registry.npmjs.org/depd/-/depd-2.0.0.tgz. Extracting by manifest.
247 silly tarball no local data for debug@https://registry.npmjs.org/debug/-/debug-4.4.0.tgz. Extracting by manifest.
248 silly tarball no local data for cron-parser@https://registry.npmjs.org/cron-parser/-/cron-parser-4.9.0.tgz. Extracting by manifest.
249 silly tarball no local data for cross-spawn@https://registry.npmjs.org/cross-spawn/-/cross-spawn-7.0.6.tgz. Extracting by manifest.
250 silly tarball no local data for cookie-signature@https://registry.npmjs.org/cookie-signature/-/cookie-signature-1.2.2.tgz. Extracting by manifest.
251 silly tarball no local data for content-type@https://registry.npmjs.org/content-type/-/content-type-1.0.5.tgz. Extracting by manifest.
252 silly tarball no local data for cookie@https://registry.npmjs.org/cookie/-/cookie-0.7.2.tgz. Extracting by manifest.
253 silly tarball no local data for content-disposition@https://registry.npmjs.org/content-disposition/-/content-disposition-1.0.0.tgz. Extracting by manifest.
254 silly tarball no local data for color-name@https://registry.npmjs.org/color-name/-/color-name-1.1.4.tgz. Extracting by manifest.
255 silly tarball no local data for color-convert@https://registry.npmjs.org/color-convert/-/color-convert-2.0.1.tgz. Extracting by manifest.
256 silly tarball no local data for call-bound@https://registry.npmjs.org/call-bound/-/call-bound-1.0.4.tgz. Extracting by manifest.
257 silly tarball no local data for call-bind-apply-helpers@https://registry.npmjs.org/call-bind-apply-helpers/-/call-bind-apply-helpers-1.0.2.tgz. Extracting by manifest.
258 silly tarball no local data for brace-expansion@https://registry.npmjs.org/brace-expansion/-/brace-expansion-2.0.1.tgz. Extracting by manifest.
259 silly tarball no local data for bytes@https://registry.npmjs.org/bytes/-/bytes-3.1.2.tgz. Extracting by manifest.
260 silly tarball no local data for body-parser@https://registry.npmjs.org/body-parser/-/body-parser-2.2.0.tgz. Extracting by manifest.
261 silly tarball no local data for balanced-match@https://registry.npmjs.org/balanced-match/-/balanced-match-1.0.2.tgz. Extracting by manifest.
262 silly tarball no local data for ansi-regex@https://registry.npmjs.org/ansi-regex/-/ansi-regex-6.1.0.tgz. Extracting by manifest.
263 silly tarball no local data for ansi-styles@https://registry.npmjs.org/ansi-styles/-/ansi-styles-6.2.1.tgz. Extracting by manifest.
264 silly tarball no local data for accepts@https://registry.npmjs.org/accepts/-/accepts-2.0.0.tgz. Extracting by manifest.
265 silly tarball no local data for @vladfrangu/async_event_emitter@https://registry.npmjs.org/@vladfrangu/async_event_emitter/-/async_event_emitter-2.4.6.tgz. Extracting by manifest.
266 silly tarball no local data for @types/node@https://registry.npmjs.org/@types/node/-/node-22.14.1.tgz. Extracting by manifest.
267 silly tarball no local data for @types/ws@https://registry.npmjs.org/@types/ws/-/ws-8.18.1.tgz. Extracting by manifest.
268 silly tarball no local data for @sapphire/snowflake@https://registry.npmjs.org/@sapphire/snowflake/-/snowflake-3.5.3.tgz. Extracting by manifest.
269 silly tarball no local data for @sapphire/shapeshift@https://registry.npmjs.org/@sapphire/shapeshift/-/shapeshift-4.0.0.tgz. Extracting by manifest.
270 silly tarball no local data for @isaacs/cliui@https://registry.npmjs.org/@isaacs/cliui/-/cliui-8.0.2.tgz. Extracting by manifest.
271 silly tarball no local data for @sapphire/async-queue@https://registry.npmjs.org/@sapphire/async-queue/-/async-queue-1.5.5.tgz. Extracting by manifest.
272 silly tarball no local data for @discordjs/ws@https://registry.npmjs.org/@discordjs/ws/-/ws-1.2.1.tgz. Extracting by manifest.
273 silly tarball no local data for @discordjs/util@https://registry.npmjs.org/@discordjs/util/-/util-1.1.1.tgz. Extracting by manifest.
274 silly tarball no local data for @discordjs/formatters@https://registry.npmjs.org/@discordjs/formatters/-/formatters-0.6.0.tgz. Extracting by manifest.
275 silly tarball no local data for @discordjs/rest@https://registry.npmjs.org/@discordjs/rest/-/rest-2.4.3.tgz. Extracting by manifest.
276 silly tarball no local data for @discordjs/collection@https://registry.npmjs.org/@discordjs/collection/-/collection-1.5.3.tgz. Extracting by manifest.
277 silly tarball no local data for @discordjs/builders@https://registry.npmjs.org/@discordjs/builders/-/builders-1.10.1.tgz. Extracting by manifest.
278 silly tarball no local data for strip-ansi@https://registry.npmjs.org/strip-ansi/-/strip-ansi-6.0.1.tgz. Extracting by manifest.
279 silly tarball no local data for string-width@https://registry.npmjs.org/string-width/-/string-width-4.2.3.tgz. Extracting by manifest.
280 silly tarball no local data for ansi-styles@https://registry.npmjs.org/ansi-styles/-/ansi-styles-4.3.0.tgz. Extracting by manifest.
281 silly tarball no local data for ansi-regex@https://registry.npmjs.org/ansi-regex/-/ansi-regex-5.0.1.tgz. Extracting by manifest.
282 silly tarball no local data for ansi-regex@https://registry.npmjs.org/ansi-regex/-/ansi-regex-5.0.1.tgz. Extracting by manifest.
283 silly tarball no local data for emoji-regex@https://registry.npmjs.org/emoji-regex/-/emoji-regex-8.0.0.tgz. Extracting by manifest.
284 silly tarball no local data for strip-ansi@https://registry.npmjs.org/strip-ansi/-/strip-ansi-6.0.1.tgz. Extracting by manifest.
285 silly tarball no local data for emoji-regex@https://registry.npmjs.org/emoji-regex/-/emoji-regex-8.0.0.tgz. Extracting by manifest.
286 silly tarball no local data for @discordjs/collection@https://registry.npmjs.org/@discordjs/collection/-/collection-2.1.1.tgz. Extracting by manifest.
287 silly tarball no local data for ansi-regex@https://registry.npmjs.org/ansi-regex/-/ansi-regex-5.0.1.tgz. Extracting by manifest.
288 silly tarball no local data for @discordjs/collection@https://registry.npmjs.org/@discordjs/collection/-/collection-2.1.1.tgz. Extracting by manifest.
289 http fetch GET 200 https://registry.npmjs.org/npm 230ms
290 http fetch GET 200 https://registry.npmjs.org/strip-ansi/-/strip-ansi-7.1.0.tgz 151ms (cache miss)
291 http fetch GET 200 https://registry.npmjs.org/string-width/-/string-width-4.2.3.tgz 206ms (cache miss)
292 http fetch GET 200 https://registry.npmjs.org/unpipe/-/unpipe-1.0.0.tgz 218ms (cache miss)
293 http fetch GET 200 https://registry.npmjs.org/wrappy/-/wrappy-1.0.2.tgz 223ms (cache miss)
294 http fetch GET 200 https://registry.npmjs.org/vary/-/vary-1.1.2.tgz 224ms (cache miss)
295 http fetch GET 200 https://registry.npmjs.org/which/-/which-2.0.2.tgz 227ms (cache miss)
296 http fetch GET 200 https://registry.npmjs.org/wrap-ansi/-/wrap-ansi-8.1.0.tgz 235ms (cache miss)
297 http fetch GET 200 https://registry.npmjs.org/strip-ansi/-/strip-ansi-6.0.1.tgz 245ms (cache miss)
298 http fetch GET 200 https://registry.npmjs.org/wrap-ansi/-/wrap-ansi-7.0.0.tgz 255ms (cache miss)
299 http fetch GET 200 https://registry.npmjs.org/toidentifier/-/toidentifier-1.0.1.tgz 260ms (cache miss)
300 http fetch GET 200 https://registry.npmjs.org/type-is/-/type-is-2.0.1.tgz 264ms (cache miss)
301 http fetch GET 200 https://registry.npmjs.org/string-width/-/string-width-5.1.2.tgz 263ms (cache miss)
302 http fetch GET 200 https://registry.npmjs.org/sorted-array-functions/-/sorted-array-functions-1.3.0.tgz 263ms (cache miss)
303 http fetch GET 200 https://registry.npmjs.org/statuses/-/statuses-2.0.1.tgz 270ms (cache miss)
304 http fetch GET 200 https://registry.npmjs.org/shebang-regex/-/shebang-regex-3.0.0.tgz 272ms (cache miss)
305 http fetch GET 200 https://registry.npmjs.org/safer-buffer/-/safer-buffer-2.1.2.tgz 271ms (cache miss)
306 http fetch GET 200 https://registry.npmjs.org/side-channel-map/-/side-channel-map-1.0.1.tgz 283ms (cache miss)
307 http fetch GET 200 https://registry.npmjs.org/setprototypeof/-/setprototypeof-1.2.0.tgz 288ms (cache miss)
308 http fetch GET 200 https://registry.npmjs.org/side-channel-weakmap/-/side-channel-weakmap-1.0.2.tgz 290ms (cache miss)
309 http fetch GET 200 https://registry.npmjs.org/side-channel-list/-/side-channel-list-1.0.0.tgz 292ms (cache miss)
310 http fetch GET 200 https://registry.npmjs.org/shebang-command/-/shebang-command-2.0.0.tgz 302ms (cache miss)
311 http fetch GET 200 https://registry.npmjs.org/range-parser/-/range-parser-1.2.1.tgz 303ms (cache miss)
312 http fetch GET 200 https://registry.npmjs.org/proxy-addr/-/proxy-addr-2.0.7.tgz 307ms (cache miss)
313 http fetch GET 200 https://registry.npmjs.org/path-key/-/path-key-3.1.1.tgz 310ms (cache miss)
314 http fetch GET 200 https://registry.npmjs.org/side-channel/-/side-channel-1.1.0.tgz 318ms (cache miss)
315 http fetch GET 200 https://registry.npmjs.org/serve-static/-/serve-static-2.2.0.tgz 322ms (cache miss)
316 http fetch GET 200 https://registry.npmjs.org/once/-/once-1.4.0.tgz 319ms (cache miss)
317 http fetch POST 200 https://registry.npmjs.org/-/npm/v1/security/advisories/bulk 368ms
318 silly audit report {}
319 http fetch GET 200 https://registry.npmjs.org/tslib/-/tslib-2.8.1.tgz 335ms (cache miss)
320 http fetch GET 200 https://registry.npmjs.org/safe-buffer/-/safe-buffer-5.2.1.tgz 335ms (cache miss)
321 http fetch GET 200 https://registry.npmjs.org/send/-/send-1.2.0.tgz 345ms (cache miss)
322 http fetch GET 200 https://registry.npmjs.org/parseurl/-/parseurl-1.3.3.tgz 342ms (cache miss)
323 http fetch GET 200 https://registry.npmjs.org/mime-types/-/mime-types-3.0.1.tgz 340ms (cache miss)
324 http fetch GET 200 https://registry.npmjs.org/ms/-/ms-2.1.3.tgz 347ms (cache miss)
325 http fetch GET 200 https://registry.npmjs.org/raw-body/-/raw-body-3.0.0.tgz 353ms (cache miss)
326 http fetch GET 200 https://registry.npmjs.org/merge-descriptors/-/merge-descriptors-2.0.0.tgz 357ms (cache miss)
327 http fetch GET 200 https://registry.npmjs.org/ts-mixer/-/ts-mixer-6.0.4.tgz 376ms (cache miss)
328 http fetch GET 200 https://registry.npmjs.org/on-finished/-/on-finished-2.4.1.tgz 369ms (cache miss)
329 http fetch GET 200 https://registry.npmjs.org/path-to-regexp/-/path-to-regexp-8.2.0.tgz 374ms (cache miss)
330 http fetch GET 200 https://registry.npmjs.org/router/-/router-2.2.0.tgz 375ms (cache miss)
331 http fetch GET 200 https://registry.npmjs.org/media-typer/-/media-typer-1.1.0.tgz 371ms (cache miss)
332 http fetch GET 200 https://registry.npmjs.org/long-timeout/-/long-timeout-0.1.1.tgz 371ms (cache miss)
333 http fetch GET 200 https://registry.npmjs.org/ws/-/ws-8.18.1.tgz 400ms (cache miss)
334 http fetch GET 200 https://registry.npmjs.org/package-json-from-dist/-/package-json-from-dist-1.0.1.tgz 389ms (cache miss)
335 http fetch GET 200 https://registry.npmjs.org/lodash.snakecase/-/lodash.snakecase-4.1.1.tgz 386ms (cache miss)
336 http fetch GET 200 https://registry.npmjs.org/isexe/-/isexe-2.0.0.tgz 385ms (cache miss)
337 http fetch GET 200 https://registry.npmjs.org/is-promise/-/is-promise-4.0.0.tgz 393ms (cache miss)
338 http fetch GET 200 https://registry.npmjs.org/signal-exit/-/signal-exit-4.1.0.tgz 409ms (cache miss)
339 http fetch GET 200 https://registry.npmjs.org/inherits/-/inherits-2.0.4.tgz 415ms (cache miss)
340 http fetch GET 200 https://registry.npmjs.org/is-fullwidth-code-point/-/is-fullwidth-code-point-3.0.0.tgz 426ms (cache miss)
341 http fetch GET 200 https://registry.npmjs.org/ipaddr.js/-/ipaddr.js-1.9.1.tgz 432ms (cache miss)
342 http fetch GET 200 https://registry.npmjs.org/node-schedule/-/node-schedule-2.1.1.tgz 441ms (cache miss)
343 http fetch GET 200 https://registry.npmjs.org/hasown/-/hasown-2.0.2.tgz 440ms (cache miss)
344 http fetch GET 200 https://registry.npmjs.org/get-proto/-/get-proto-1.0.1.tgz 440ms (cache miss)
345 http fetch GET 200 https://registry.npmjs.org/http-errors/-/http-errors-2.0.0.tgz 446ms (cache miss)
346 http fetch GET 200 https://registry.npmjs.org/fresh/-/fresh-2.0.0.tgz 448ms (cache miss)
347 http fetch GET 200 https://registry.npmjs.org/forwarded/-/forwarded-0.2.0.tgz 448ms (cache miss)
348 http fetch GET 200 https://registry.npmjs.org/mime-db/-/mime-db-1.54.0.tgz 464ms (cache miss)
349 http fetch GET 200 https://registry.npmjs.org/es-object-atoms/-/es-object-atoms-1.1.1.tgz 459ms (cache miss)
350 http fetch GET 200 https://registry.npmjs.org/has-symbols/-/has-symbols-1.1.0.tgz 465ms (cache miss)
351 http fetch GET 200 https://registry.npmjs.org/gopd/-/gopd-1.2.0.tgz 464ms (cache miss)
352 http fetch GET 200 https://registry.npmjs.org/escape-html/-/escape-html-1.0.3.tgz 462ms (cache miss)
353 http fetch GET 200 https://registry.npmjs.org/etag/-/etag-1.8.1.tgz 463ms (cache miss)
354 http fetch GET 200 https://registry.npmjs.org/fast-deep-equal/-/fast-deep-equal-3.1.3.tgz 467ms (cache miss)
355 http fetch GET 200 https://registry.npmjs.org/undici-types/-/undici-types-6.21.0.tgz 487ms (cache miss)
356 http fetch GET 200 https://registry.npmjs.org/es-define-property/-/es-define-property-1.0.1.tgz 471ms (cache miss)
357 http fetch GET 200 https://registry.npmjs.org/finalhandler/-/finalhandler-2.1.0.tgz 478ms (cache miss)
358 http fetch GET 200 https://registry.npmjs.org/ee-first/-/ee-first-1.1.1.tgz 476ms (cache miss)
359 http fetch GET 200 https://registry.npmjs.org/content-type/-/content-type-1.0.5.tgz 475ms (cache miss)
360 http fetch GET 200 https://registry.npmjs.org/encodeurl/-/encodeurl-2.0.0.tgz 484ms (cache miss)
361 http fetch GET 200 https://registry.npmjs.org/dunder-proto/-/dunder-proto-1.0.1.tgz 488ms (cache miss)
362 http fetch GET 200 https://registry.npmjs.org/magic-bytes.js/-/magic-bytes.js-1.11.0.tgz 498ms (cache miss)
363 http fetch GET 200 https://registry.npmjs.org/debug/-/debug-4.4.0.tgz 492ms (cache miss)
364 http fetch GET 200 https://registry.npmjs.org/function-bind/-/function-bind-1.1.2.tgz 498ms (cache miss)
365 http fetch GET 200 https://registry.npmjs.org/eastasianwidth/-/eastasianwidth-0.2.0.tgz 497ms (cache miss)
366 http fetch GET 200 https://registry.npmjs.org/cron-parser/-/cron-parser-4.9.0.tgz 496ms (cache miss)
367 http fetch GET 200 https://registry.npmjs.org/cookie-signature/-/cookie-signature-1.2.2.tgz 495ms (cache miss)
368 http fetch GET 200 https://registry.npmjs.org/bytes/-/bytes-3.1.2.tgz 494ms (cache miss)
369 http fetch GET 200 https://registry.npmjs.org/math-intrinsics/-/math-intrinsics-1.1.0.tgz 507ms (cache miss)
370 http fetch GET 200 https://registry.npmjs.org/content-disposition/-/content-disposition-1.0.0.tgz 497ms (cache miss)
371 http fetch GET 200 https://registry.npmjs.org/cross-spawn/-/cross-spawn-7.0.6.tgz 498ms (cache miss)
372 http fetch GET 200 https://registry.npmjs.org/cookie/-/cookie-0.7.2.tgz 499ms (cache miss)
373 http fetch GET 200 https://registry.npmjs.org/balanced-match/-/balanced-match-1.0.2.tgz 497ms (cache miss)
374 http fetch GET 200 https://registry.npmjs.org/body-parser/-/body-parser-2.2.0.tgz 497ms (cache miss)
375 http fetch GET 200 https://registry.npmjs.org/jackspeak/-/jackspeak-4.1.0.tgz 508ms (cache miss)
376 http fetch GET 200 https://registry.npmjs.org/negotiator/-/negotiator-1.0.0.tgz 512ms (cache miss)
377 http fetch GET 200 https://registry.npmjs.org/color-name/-/color-name-1.1.4.tgz 501ms (cache miss)
378 http fetch GET 200 https://registry.npmjs.org/ansi-styles/-/ansi-styles-6.2.1.tgz 499ms (cache miss)
379 http fetch GET 200 https://registry.npmjs.org/accepts/-/accepts-2.0.0.tgz 499ms (cache miss)
380 http fetch GET 200 https://registry.npmjs.org/es-errors/-/es-errors-1.3.0.tgz 508ms (cache miss)
381 http fetch GET 200 https://registry.npmjs.org/call-bound/-/call-bound-1.0.4.tgz 504ms (cache miss)
382 http fetch GET 200 https://registry.npmjs.org/ansi-regex/-/ansi-regex-6.1.0.tgz 506ms (cache miss)
383 http fetch GET 200 https://registry.npmjs.org/depd/-/depd-2.0.0.tgz 513ms (cache miss)
384 http fetch GET 200 https://registry.npmjs.org/brace-expansion/-/brace-expansion-2.0.1.tgz 513ms (cache miss)
385 http fetch GET 200 https://registry.npmjs.org/get-intrinsic/-/get-intrinsic-1.3.0.tgz 522ms (cache miss)
386 http fetch GET 200 https://registry.npmjs.org/@types/ws/-/ws-8.18.1.tgz 511ms (cache miss)
387 http fetch GET 200 https://registry.npmjs.org/qs/-/qs-6.14.0.tgz 531ms (cache miss)
388 http fetch GET 200 https://registry.npmjs.org/minipass/-/minipass-7.1.2.tgz 532ms (cache miss)
389 http fetch GET 200 https://registry.npmjs.org/emoji-regex/-/emoji-regex-9.2.2.tgz 524ms (cache miss)
390 http fetch GET 200 https://registry.npmjs.org/strip-ansi/-/strip-ansi-6.0.1.tgz 511ms (cache miss)
391 http fetch GET 200 https://registry.npmjs.org/string-width/-/string-width-4.2.3.tgz 516ms (cache miss)
392 http fetch GET 200 https://registry.npmjs.org/call-bind-apply-helpers/-/call-bind-apply-helpers-1.0.2.tgz 530ms (cache miss)
393 http fetch GET 200 https://registry.npmjs.org/@isaacs/cliui/-/cliui-8.0.2.tgz 525ms (cache miss)
394 http fetch GET 200 https://registry.npmjs.org/ansi-styles/-/ansi-styles-4.3.0.tgz 524ms (cache miss)
395 http fetch GET 200 https://registry.npmjs.org/@discordjs/util/-/util-1.1.1.tgz 531ms (cache miss)
396 http fetch GET 200 https://registry.npmjs.org/ansi-regex/-/ansi-regex-5.0.1.tgz 531ms (cache miss)
397 http fetch GET 200 https://registry.npmjs.org/strip-ansi/-/strip-ansi-6.0.1.tgz 530ms (cache miss)
398 http fetch GET 200 https://registry.npmjs.org/ansi-regex/-/ansi-regex-5.0.1.tgz 533ms (cache miss)
399 http fetch GET 200 https://registry.npmjs.org/ansi-regex/-/ansi-regex-5.0.1.tgz 532ms (cache miss)
400 http fetch GET 200 https://registry.npmjs.org/emoji-regex/-/emoji-regex-8.0.0.tgz 533ms (cache miss)
401 http fetch GET 200 https://registry.npmjs.org/@sapphire/snowflake/-/snowflake-3.5.3.tgz 545ms (cache miss)
402 http fetch GET 200 https://registry.npmjs.org/object-inspect/-/object-inspect-1.13.4.tgz 563ms (cache miss)
403 http fetch GET 200 https://registry.npmjs.org/express/-/express-5.1.0.tgz 557ms (cache miss)
404 http fetch GET 200 https://registry.npmjs.org/emoji-regex/-/emoji-regex-8.0.0.tgz 539ms (cache miss)
405 http fetch GET 200 https://registry.npmjs.org/@sapphire/async-queue/-/async-queue-1.5.5.tgz 547ms (cache miss)
406 http fetch GET 200 https://registry.npmjs.org/@discordjs/collection/-/collection-1.5.3.tgz 547ms (cache miss)
407 http fetch GET 200 https://registry.npmjs.org/path-scurry/-/path-scurry-2.0.0.tgz 569ms (cache miss)
408 http fetch GET 200 https://registry.npmjs.org/foreground-child/-/foreground-child-3.3.1.tgz 561ms (cache miss)
409 http fetch GET 200 https://registry.npmjs.org/@discordjs/formatters/-/formatters-0.6.0.tgz 550ms (cache miss)
410 http fetch GET 200 https://registry.npmjs.org/@vladfrangu/async_event_emitter/-/async_event_emitter-2.4.6.tgz 556ms (cache miss)
411 http fetch GET 200 https://registry.npmjs.org/@discordjs/collection/-/collection-2.1.1.tgz 555ms (cache miss)
412 http fetch GET 200 https://registry.npmjs.org/@discordjs/collection/-/collection-2.1.1.tgz 559ms (cache miss)
413 http fetch GET 200 https://registry.npmjs.org/iconv-lite/-/iconv-lite-0.6.3.tgz 587ms (cache miss)
414 http fetch GET 200 https://registry.npmjs.org/@discordjs/builders/-/builders-1.10.1.tgz 572ms (cache miss)
415 http fetch GET 200 https://registry.npmjs.org/@discordjs/ws/-/ws-1.2.1.tgz 582ms (cache miss)
416 http fetch GET 200 https://registry.npmjs.org/minimatch/-/minimatch-10.0.1.tgz 600ms (cache miss)
417 http fetch GET 200 https://registry.npmjs.org/glob/-/glob-11.0.1.tgz 612ms (cache miss)
418 http fetch GET 200 https://registry.npmjs.org/lru-cache/-/lru-cache-11.1.0.tgz 620ms (cache miss)
419 http fetch GET 200 https://registry.npmjs.org/@discordjs/rest/-/rest-2.4.3.tgz 614ms (cache miss)
420 http fetch GET 200 https://registry.npmjs.org/color-convert/-/color-convert-2.0.1.tgz 624ms (cache miss)
421 http fetch GET 200 https://registry.npmjs.org/@sapphire/shapeshift/-/shapeshift-4.0.0.tgz 624ms (cache miss)
422 http fetch GET 200 https://registry.npmjs.org/rimraf/-/rimraf-6.0.1.tgz 645ms (cache miss)
423 http fetch GET 200 https://registry.npmjs.org/@types/node/-/node-22.14.1.tgz 670ms (cache miss)
424 http fetch GET 200 https://registry.npmjs.org/undici/-/undici-6.21.1.tgz 713ms (cache miss)
425 http fetch GET 200 https://registry.npmjs.org/luxon/-/luxon-3.6.1.tgz 718ms (cache miss)
426 http fetch GET 200 https://registry.npmjs.org/discord.js/-/discord.js-14.18.0.tgz 748ms (cache miss)
427 http fetch GET 200 https://registry.npmjs.org/lodash/-/lodash-4.17.21.tgz 832ms (cache miss)
428 http fetch GET 200 https://registry.npmjs.org/discord-api-types/-/discord-api-types-0.37.120.tgz 838ms (cache miss)
429 silly ADD node_modules/ws
430 silly ADD node_modules/wrappy
431 silly ADD node_modules/wrap-ansi-cjs
432 silly ADD node_modules/wrap-ansi-cjs/node_modules/strip-ansi
433 silly ADD node_modules/wrap-ansi-cjs/node_modules/string-width
434 silly ADD node_modules/wrap-ansi-cjs/node_modules/emoji-regex
435 silly ADD node_modules/wrap-ansi-cjs/node_modules/ansi-styles
436 silly ADD node_modules/wrap-ansi-cjs/node_modules/ansi-regex
437 silly ADD node_modules/wrap-ansi
438 silly ADD node_modules/which
439 silly ADD node_modules/vary
440 silly ADD node_modules/unpipe
441 silly ADD node_modules/undici-types
442 silly ADD node_modules/undici
443 silly ADD node_modules/type-is
444 silly ADD node_modules/tslib
445 silly ADD node_modules/ts-mixer
446 silly ADD node_modules/toidentifier
447 silly ADD node_modules/strip-ansi-cjs
448 silly ADD node_modules/strip-ansi-cjs/node_modules/ansi-regex
449 silly ADD node_modules/strip-ansi
450 silly ADD node_modules/string-width-cjs
451 silly ADD node_modules/string-width-cjs/node_modules/strip-ansi
452 silly ADD node_modules/string-width-cjs/node_modules/emoji-regex
453 silly ADD node_modules/string-width-cjs/node_modules/ansi-regex
454 silly ADD node_modules/string-width
455 silly ADD node_modules/statuses
456 silly ADD node_modules/sorted-array-functions
457 silly ADD node_modules/signal-exit
458 silly ADD node_modules/side-channel-weakmap
459 silly ADD node_modules/side-channel-map
460 silly ADD node_modules/side-channel-list
461 silly ADD node_modules/side-channel
462 silly ADD node_modules/shebang-regex
463 silly ADD node_modules/shebang-command
464 silly ADD node_modules/setprototypeof
465 silly ADD node_modules/serve-static
466 silly ADD node_modules/send
467 silly ADD node_modules/safer-buffer
468 silly ADD node_modules/safe-buffer
469 silly ADD node_modules/router
470 silly ADD node_modules/rimraf
471 silly ADD node_modules/raw-body
472 silly ADD node_modules/range-parser
473 silly ADD node_modules/qs
474 silly ADD node_modules/proxy-addr
475 silly ADD node_modules/path-to-regexp
476 silly ADD node_modules/path-scurry
477 silly ADD node_modules/path-key
478 silly ADD node_modules/parseurl
479 silly ADD node_modules/package-json-from-dist
480 silly ADD node_modules/once
481 silly ADD node_modules/on-finished
482 silly ADD node_modules/object-inspect
483 silly ADD node_modules/node-schedule
484 silly ADD node_modules/negotiator
485 silly ADD node_modules/ms
486 silly ADD node_modules/minipass
487 silly ADD node_modules/minimatch
488 silly ADD node_modules/mime-types
489 silly ADD node_modules/mime-db
490 silly ADD node_modules/merge-descriptors
491 silly ADD node_modules/media-typer
492 silly ADD node_modules/math-intrinsics
493 silly ADD node_modules/magic-bytes.js
494 silly ADD node_modules/luxon
495 silly ADD node_modules/lru-cache
496 silly ADD node_modules/long-timeout
497 silly ADD node_modules/lodash.snakecase
498 silly ADD node_modules/lodash
499 silly ADD node_modules/jackspeak
500 silly ADD node_modules/isexe
501 silly ADD node_modules/is-promise
502 silly ADD node_modules/is-fullwidth-code-point
503 silly ADD node_modules/ipaddr.js
504 silly ADD node_modules/inherits
505 silly ADD node_modules/iconv-lite
506 silly ADD node_modules/http-errors
507 silly ADD node_modules/hasown
508 silly ADD node_modules/has-symbols
509 silly ADD node_modules/gopd
510 silly ADD node_modules/glob
511 silly ADD node_modules/get-proto
512 silly ADD node_modules/get-intrinsic
513 silly ADD node_modules/function-bind
514 silly ADD node_modules/fresh
515 silly ADD node_modules/forwarded
516 silly ADD node_modules/foreground-child
517 silly ADD node_modules/finalhandler
518 silly ADD node_modules/fast-deep-equal
519 silly ADD node_modules/express
520 silly ADD node_modules/etag
521 silly ADD node_modules/escape-html
522 silly ADD node_modules/es-object-atoms
523 silly ADD node_modules/es-errors
524 silly ADD node_modules/es-define-property
525 silly ADD node_modules/encodeurl
526 silly ADD node_modules/emoji-regex
527 silly ADD node_modules/ee-first
528 silly ADD node_modules/eastasianwidth
529 silly ADD node_modules/dunder-proto
530 silly ADD node_modules/discord.js
531 silly ADD node_modules/discord-api-types
532 silly ADD node_modules/depd
533 silly ADD node_modules/debug
534 silly ADD node_modules/cross-spawn
535 silly ADD node_modules/cron-parser
536 silly ADD node_modules/cookie-signature
537 silly ADD node_modules/cookie
538 silly ADD node_modules/content-type
539 silly ADD node_modules/content-disposition
540 silly ADD node_modules/color-name
541 silly ADD node_modules/color-convert
542 silly ADD node_modules/call-bound
543 silly ADD node_modules/call-bind-apply-helpers
544 silly ADD node_modules/bytes
545 silly ADD node_modules/brace-expansion
546 silly ADD node_modules/body-parser
547 silly ADD node_modules/balanced-match
548 silly ADD node_modules/ansi-styles
549 silly ADD node_modules/ansi-regex
550 silly ADD node_modules/accepts
551 silly ADD node_modules/@vladfrangu/async_event_emitter
552 silly ADD node_modules/@types/ws
553 silly ADD node_modules/@types/node
554 silly ADD node_modules/@sapphire/snowflake
555 silly ADD node_modules/@sapphire/shapeshift
556 silly ADD node_modules/@sapphire/async-queue
557 silly ADD node_modules/@isaacs/cliui
558 silly ADD node_modules/@discordjs/ws
559 silly ADD node_modules/@discordjs/ws/node_modules/@discordjs/collection
560 silly ADD node_modules/@discordjs/util
561 silly ADD node_modules/@discordjs/rest
562 silly ADD node_modules/@discordjs/rest/node_modules/@discordjs/collection
563 silly ADD node_modules/@discordjs/formatters
564 silly ADD node_modules/@discordjs/collection
565 silly ADD node_modules/@discordjs/builders
566 verbose cwd /home/container
567 verbose os Linux 6.1.0-33-amd64
568 verbose node v23.11.0
569 verbose npm  v11.3.0
570 verbose exit 0
571 info ok
